# JRE version: OpenJDK Runtime Environment (8.0_131-b11) (build 1.8.0_131-8u131-b11-0ubuntu1.16.04.2-b11)
# Java VM: OpenJDK 64-Bit Server VM (25.131-b11 mixed mode linux-amd64 compressed oops)
Heap:
 PSYoungGen      total 87040K, used 48040K [0x00000000d7780000, 0x00000000e0680000, 0x0000000100000000)
  eden space 81920K, 58% used [0x00000000d7780000,0x00000000da66a220,0x00000000dc780000)
  from space 5120K, 0% used [0x00000000df180000,0x00000000df180000,0x00000000df680000)
  to   space 16384K, 0% used [0x00000000df680000,0x00000000df680000,0x00000000e0680000)
 ParOldGen       total 142848K, used 38825K [0x0000000086600000, 0x000000008f180000, 0x00000000d7780000)
  object space 142848K, 27% used [0x0000000086600000,0x0000000088bea4d0,0x000000008f180000)
 Metaspace       used 29323K, capacity 29534K, committed 29824K, reserved 1075200K
  class space    used 3620K, capacity 3712K, committed 3712K, reserved 1048576K
GC Heap History (10 events):
Event: 3.961 GC heap before
{Heap before GC invocations=3 (full 0):
 PSYoungGen      total 67584K, used 40099K [0x00000000d7780000, 0x00000000dbe80000, 0x0000000100000000)
  eden space 62464K, 56% used [0x00000000d7780000,0x00000000d99ab2b8,0x00000000db480000)
  from space 5120K, 99% used [0x00000000db980000,0x00000000dbe7dab8,0x00000000dbe80000)
  to   space 5120K, 0% used [0x00000000db480000,0x00000000db480000,0x00000000db980000)
 ParOldGen       total 83456K, used 9068K [0x0000000086600000, 0x000000008b780000, 0x00000000d7780000)
  object space 83456K, 10% used [0x0000000086600000,0x0000000086edb188,0x000000008b780000)
 Metaspace       used 20884K, capacity 21052K, committed 21296K, reserved 1069056K
  class space    used 2556K, capacity 2641K, committed 2688K, reserved 1048576K
Event: 3.979 GC heap after
Heap after GC invocations=3 (full 0):
 PSYoungGen      total 67584K, used 5102K [0x00000000d7780000, 0x00000000dfb80000, 0x0000000100000000)
  eden space 62464K, 0% used [0x00000000d7780000,0x00000000d7780000,0x00000000db480000)
  from space 5120K, 99% used [0x00000000db480000,0x00000000db97b850,0x00000000db980000)
  to   space 5120K, 0% used [0x00000000df680000,0x00000000df680000,0x00000000dfb80000)
 ParOldGen       total 83456K, used 14308K [0x0000000086600000, 0x000000008b780000, 0x00000000d7780000)
  object space 83456K, 17% used [0x0000000086600000,0x00000000873f90f0,0x000000008b780000)
 Metaspace       used 20884K, capacity 21052K, committed 21296K, reserved 1069056K
  class space    used 2556K, capacity 2641K, committed 2688K, reserved 1048576K
}
Event: 3.979 GC heap before
{Heap before GC invocations=4 (full 1):
 PSYoungGen      total 67584K, used 5102K [0x00000000d7780000, 0x00000000dfb80000, 0x0000000100000000)
  eden space 62464K, 0% used [0x00000000d7780000,0x00000000d7780000,0x00000000db480000)
  from space 5120K, 99% used [0x00000000db480000,0x00000000db97b850,0x00000000db980000)
  to   space 5120K, 0% used [0x00000000df680000,0x00000000df680000,0x00000000dfb80000)
 ParOldGen       total 83456K, used 14308K [0x0000000086600000, 0x000000008b780000, 0x00000000d7780000)
  object space 83456K, 17% used [0x0000000086600000,0x00000000873f90f0,0x000000008b780000)
 Metaspace       used 20884K, capacity 21052K, committed 21296K, reserved 1069056K
  class space    used 2556K, capacity 2641K, committed 2688K, reserved 1048576K
Event: 4.071 GC heap after
Heap after GC invocations=4 (full 1):
 PSYoungGen      total 67584K, used 0K [0x00000000d7780000, 0x00000000dfb80000, 0x0000000100000000)
  eden space 62464K, 0% used [0x00000000d7780000,0x00000000d7780000,0x00000000db480000)
  from space 5120K, 0% used [0x00000000db480000,0x00000000db480000,0x00000000db980000)
  to   space 5120K, 0% used [0x00000000df680000,0x00000000df680000,0x00000000dfb80000)
 ParOldGen       total 74752K, used 17435K [0x0000000086600000, 0x000000008af00000, 0x00000000d7780000)
  object space 74752K, 23% used [0x0000000086600000,0x0000000087706ea8,0x000000008af00000)
 Metaspace       used 20884K, capacity 21052K, committed 21296K, reserved 1069056K
  class space    used 2556K, capacity 2641K, committed 2688K, reserved 1048576K
}
Event: 6252.822 GC heap before
{Heap before GC invocations=5 (full 1):
 PSYoungGen      total 67584K, used 62464K [0x00000000d7780000, 0x00000000dfb80000, 0x0000000100000000)
  eden space 62464K, 100% used [0x00000000d7780000,0x00000000db480000,0x00000000db480000)
  from space 5120K, 0% used [0x00000000db480000,0x00000000db480000,0x00000000db980000)
  to   space 5120K, 0% used [0x00000000df680000,0x00000000df680000,0x00000000dfb80000)
 ParOldGen       total 74752K, used 17435K [0x0000000086600000, 0x000000008af00000, 0x00000000d7780000)
  object space 74752K, 23% used [0x0000000086600000,0x0000000087706ea8,0x000000008af00000)
 Metaspace       used 26603K, capacity 26824K, committed 27264K, reserved 1073152K
  class space    used 3297K, capacity 3391K, committed 3456K, reserved 1048576K
Event: 6252.843 GC heap after
Heap after GC invocations=5 (full 1):
 PSYoungGen      total 89600K, used 5102K [0x00000000d7780000, 0x00000000dfb80000, 0x0000000100000000)
  eden space 84480K, 0% used [0x00000000d7780000,0x00000000d7780000,0x00000000dca00000)
  from space 5120K, 99% used [0x00000000df680000,0x00000000dfb7b948,0x00000000dfb80000)
  to   space 5120K, 0% used [0x00000000df180000,0x00000000df180000,0x00000000df680000)
 ParOldGen       total 74752K, used 37840K [0x0000000086600000, 0x000000008af00000, 0x00000000d7780000)
  object space 74752K, 50% used [0x0000000086600000,0x0000000088af40a8,0x000000008af00000)
 Metaspace       used 26603K, capacity 26824K, committed 27264K, reserved 1073152K
  class space    used 3297K, capacity 3391K, committed 3456K, reserved 1048576K
}
Event: 6269.863 GC heap before
{Heap before GC invocations=6 (full 1):
 PSYoungGen      total 89600K, used 89582K [0x00000000d7780000, 0x00000000dfb80000, 0x0000000100000000)
  eden space 84480K, 100% used [0x00000000d7780000,0x00000000dca00000,0x00000000dca00000)
  from space 5120K, 99% used [0x00000000df680000,0x00000000dfb7b948,0x00000000dfb80000)
  to   space 5120K, 0% used [0x00000000df180000,0x00000000df180000,0x00000000df680000)
 ParOldGen       total 74752K, used 37840K [0x0000000086600000, 0x000000008af00000, 0x00000000d7780000)
  object space 74752K, 50% used [0x0000000086600000,0x0000000088af40a8,0x000000008af00000)
 Metaspace       used 28821K, capacity 29038K, committed 29312K, reserved 1075200K
  class space    used 3600K, capacity 3680K, committed 3712K, reserved 1048576K
Event: 6269.886 GC heap after
Heap after GC invocations=6 (full 1):
 PSYoungGen      total 87040K, used 5108K [0x00000000d7780000, 0x00000000e0680000, 0x0000000100000000)
  eden space 81920K, 0% used [0x00000000d7780000,0x00000000d7780000,0x00000000dc780000)
  from space 5120K, 99% used [0x00000000df180000,0x00000000df67d190,0x00000000df680000)
  to   space 16384K, 0% used [0x00000000df680000,0x00000000df680000,0x00000000e0680000)
 ParOldGen       total 74752K, used 60751K [0x0000000086600000, 0x000000008af00000, 0x00000000d7780000)
  object space 74752K, 81% used [0x0000000086600000,0x000000008a153f70,0x000000008af00000)
 Metaspace       used 28821K, capacity 29038K, committed 29312K, reserved 1075200K
  class space    used 3600K, capacity 3680K, committed 3712K, reserved 1048576K
}
Event: 6269.886 GC heap before
{Heap before GC invocations=7 (full 2):
 PSYoungGen      total 87040K, used 5108K [0x00000000d7780000, 0x00000000e0680000, 0x0000000100000000)
  eden space 81920K, 0% used [0x00000000d7780000,0x00000000d7780000,0x00000000dc780000)
  from space 5120K, 99% used [0x00000000df180000,0x00000000df67d190,0x00000000df680000)
  to   space 16384K, 0% used [0x00000000df680000,0x00000000df680000,0x00000000e0680000)
 ParOldGen       total 74752K, used 60751K [0x0000000086600000, 0x000000008af00000, 0x00000000d7780000)
  object space 74752K, 81% used [0x0000000086600000,0x000000008a153f70,0x000000008af00000)
 Metaspace       used 28821K, capacity 29038K, committed 29312K, reserved 1075200K
  class space    used 3600K, capacity 3680K, committed 3712K, reserved 1048576K
Event: 6270.005 GC heap after
Heap after GC invocations=7 (full 2):
 PSYoungGen      total 87040K, used 0K [0x00000000d7780000, 0x00000000e0680000, 0x0000000100000000)
  eden space 81920K, 0% used [0x00000000d7780000,0x00000000d7780000,0x00000000dc780000)
  from space 5120K, 0% used [0x00000000df180000,0x00000000df180000,0x00000000df680000)
  to   space 16384K, 0% used [0x00000000df680000,0x00000000df680000,0x00000000e0680000)
 ParOldGen       total 142848K, used 38825K [0x0000000086600000, 0x000000008f180000, 0x00000000d7780000)
  object space 142848K, 27% used [0x0000000086600000,0x0000000088bea4d0,0x000000008f180000)
 Metaspace       used 28813K, capacity 29026K, committed 29312K, reserved 1075200K
  class space    used 3597K, capacity 3674K, committed 3712K, reserved 1048576K
}

